<?xml version="1.0" encoding="UTF-8"?>
<testng-results skipped="0" failed="0" total="1" passed="1">
  <reporter-output>
  </reporter-output>
  <suite name="Default suite" duration-ms="7010" started-at="2021-01-09T13:51:37Z" finished-at="2021-01-09T13:51:44Z">
    <groups>
    </groups>
    <test name="Default test" duration-ms="7010" started-at="2021-01-09T13:51:37Z" finished-at="2021-01-09T13:51:44Z">
      <class name="browserTest">
        <test-method status="PASS" signature="setUp()[pri:0, instance:browserTest@48eff760]" name="setUp" is-config="true" duration-ms="7654" started-at="2021-01-09T19:21:29Z" finished-at="2021-01-09T19:21:37Z">
          <reporter-output>
          </reporter-output>
        </test-method> <!-- setUp -->
        <test-method status="PASS" signature="bTest()[pri:0, instance:browserTest@48eff760]" name="bTest" duration-ms="6980" started-at="2021-01-09T19:21:37Z" finished-at="2021-01-09T19:21:44Z">
          <reporter-output>
          </reporter-output>
        </test-method> <!-- bTest -->
        <test-method status="PASS" signature="tearDown()[pri:0, instance:browserTest@48eff760]" name="tearDown" is-config="true" duration-ms="3583" started-at="2021-01-09T19:21:44Z" finished-at="2021-01-09T19:21:47Z">
          <reporter-output>
          </reporter-output>
        </test-method> <!-- tearDown -->
      </class> <!-- browserTest -->
    </test> <!-- Default test -->
  </suite> <!-- Default suite -->
</testng-results>
